<?xml version="1.0" encoding="UTF-8"?>
<!-- Generated by org.testng.reporters.JUnitReportReporter -->
<testsuite skipped="0" hostname="DESKTOP-A9E1K90" name="TestCases" tests="3" failures="0" timestamp="2022-04-18T03:57:20 AST" time="0.016" errors="0">
  <testcase name="setup" time="0.016" classname="TestCases"/>
  <system-out/>
  <testcase name="TestSteps" time="0.000" classname="TestCases"/>
  <system-out/>
  <testcase name="TearDown" time="0.000" classname="TestCases"/>
  <system-out/>
</testsuite> <!-- TestCases -->
